{"level":"info","message":"info","timestamp":"2023-08-01T03:39:18.281Z"}
{"level":"info","message":"error","timestamp":"2023-08-01T03:40:03.055Z"}
{"level":"error","message":"error","timestamp":"2023-08-01T03:41:02.147Z"}
{"level":"error","message":"error","timestamp":"2023-08-01T03:41:02.147Z"}
level : error: Aug-01-2023 09:12:10: 	error
level : error: Aug-01-2023 09:12:10: 	error
level : error: Aug-01-2023 09:13:47: 	Employee already exists with this email, please log in
level : error: Aug-01-2023 09:13:47: 	Employee already exists with this email, please log in
level : info: Aug-01-2023 09:14:07: 	Employee's account created
level : error: Aug-01-2023 09:15:36: 	isEmpExit is not defined
level : error: Aug-01-2023 09:15:36: 	isEmpExit is not defined
level : error: Aug-01-2023 09:19:58: 	Employee already exists with this email, please log in
level : error: Aug-01-2023 09:19:58: 	Employee already exists with this email, please log in
level : error: Aug-01-2023 09:54:29: 	userData is not defined
level : error: Aug-01-2023 09:54:29: 	userData is not defined
level : info: Aug-01-2023 09:56:42: 	Employee logged in successfully
level : error: Aug-01-2023 09:56:52: 	Employee is not recognized with this email
level : error: Aug-01-2023 09:56:52: 	Employee is not recognized with this email
level : error: Aug-01-2023 09:57:05: 	Employee is not recognized with this email
level : error: Aug-01-2023 09:57:05: 	Employee is not recognized with this email
level : info: Aug-01-2023 18:33:56: 	Employee's account created
level : info: Aug-01-2023 18:54:43: 	Employee's account created
level : error: Aug-02-2023 16:07:11: 	Employee already exists with this email, please log in
level : error: Aug-02-2023 16:07:11: 	Employee already exists with this email, please log in
level : error: Aug-02-2023 16:11:28: 	Employee already exists with this email, please log in
level : error: Aug-02-2023 16:11:28: 	Employee already exists with this email, please log in
level : error: Aug-02-2023 16:11:36: 	Employee already exists with this email, please log in
level : error: Aug-02-2023 16:11:36: 	Employee already exists with this email, please log in
level : error: Aug-02-2023 16:16:37: 	Employee already exists with this email, please log in
level : error: Aug-02-2023 16:16:37: 	Employee already exists with this email, please log in
level : error: Aug-02-2023 16:19:00: 	Employee already exists with this email, please log in
level : error: Aug-02-2023 16:19:00: 	Employee already exists with this email, please log in
level : error: Aug-02-2023 16:19:23: 	Employee already exists with this email, please log in
level : error: Aug-02-2023 16:19:23: 	Employee already exists with this email, please log in
level : error: Aug-02-2023 16:20:06: 	Employee already exists with this email, please log in
level : error: Aug-02-2023 16:20:06: 	Employee already exists with this email, please log in
level : error: Aug-02-2023 16:21:51: 	Employee already exists with this email, please log in
level : error: Aug-02-2023 16:21:51: 	Employee already exists with this email, please log in
level : error: Aug-02-2023 16:22:06: 	Employee already exists with this email, please log in
level : error: Aug-02-2023 16:22:06: 	Employee already exists with this email, please log in
level : error: Aug-02-2023 16:23:00: 	Employee already exists with this email, please log in
level : error: Aug-02-2023 16:23:00: 	Employee already exists with this email, please log in
level : error: Aug-02-2023 16:24:11: 	Employee already exists with this email, please log in
level : error: Aug-02-2023 16:24:11: 	Employee already exists with this email, please log in
level : error: Aug-02-2023 16:25:35: 	Employee already exists with this email, please log in
level : error: Aug-02-2023 16:25:35: 	Employee already exists with this email, please log in
level : error: Aug-02-2023 16:26:30: 	Employee already exists with this email, please log in
level : error: Aug-02-2023 16:26:30: 	Employee already exists with this email, please log in
level : error: Aug-02-2023 16:30:14: 	Employee already exists with this email, please log in
level : error: Aug-02-2023 16:30:14: 	Employee already exists with this email, please log in
level : error: Aug-02-2023 16:33:59: 	Employee already exists with this email, please log in
level : error: Aug-02-2023 16:33:59: 	Employee already exists with this email, please log in
level : error: Aug-02-2023 16:37:44: 	Employee already exists with this email, please log in
level : error: Aug-02-2023 16:37:44: 	Employee already exists with this email, please log in
level : error: Aug-02-2023 16:38:22: 	Employee already exists with this email, please log in
level : error: Aug-02-2023 16:38:22: 	Employee already exists with this email, please log in
level : error: Aug-02-2023 16:38:48: 	Employee already exists with this email, please log in
level : error: Aug-02-2023 16:38:48: 	Employee already exists with this email, please log in
level : error: Aug-02-2023 16:58:15: 	Employee is not recognized with this email
level : error: Aug-02-2023 16:58:15: 	Employee is not recognized with this email
level : info: Aug-02-2023 16:58:26: 	Employee logged in successfully
level : error: Aug-02-2023 17:00:54: 	Employee already exists with this email, please log in
level : error: Aug-02-2023 17:00:54: 	Employee already exists with this email, please log in
level : error: Aug-02-2023 17:18:24: 	Employee already exists with this email, please log in
level : error: Aug-02-2023 17:18:24: 	Employee already exists with this email, please log in
level : error: Aug-02-2023 17:18:30: 	Employee already exists with this email, please log in
level : error: Aug-02-2023 17:18:30: 	Employee already exists with this email, please log in
level : error: Aug-02-2023 17:19:27: 	Employee already exists with this email, please log in
level : error: Aug-02-2023 17:19:27: 	Employee already exists with this email, please log in
level : error: Aug-02-2023 17:19:34: 	Employee already exists with this email, please log in
level : error: Aug-02-2023 17:19:34: 	Employee already exists with this email, please log in
level : error: Aug-02-2023 17:20:39: 	Employee already exists with this email, please log in
level : error: Aug-02-2023 17:20:39: 	Employee already exists with this email, please log in
level : error: Aug-02-2023 17:21:57: 	Employee already exists with this email, please log in
level : error: Aug-02-2023 17:21:57: 	Employee already exists with this email, please log in
level : error: Aug-02-2023 17:24:04: 	Employee already exists with this email, please log in
level : error: Aug-02-2023 17:24:04: 	Employee already exists with this email, please log in
level : error: Aug-02-2023 17:24:51: 	Employee already exists with this email, please log in
level : error: Aug-02-2023 17:24:51: 	Employee already exists with this email, please log in
level : info: Aug-02-2023 17:55:47: 	Employee's account created
level : info: Aug-02-2023 17:58:22: 	Employee's account created
level : error: Aug-02-2023 18:01:23: 	Employee is not recognized with this email
level : error: Aug-02-2023 18:01:23: 	Employee is not recognized with this email
level : info: Aug-02-2023 18:02:59: 	Employee's account created
level : info: Aug-02-2023 18:03:03: 	Employee's account created
level : info: Aug-02-2023 18:03:20: 	Employee's account created
level : error: Aug-02-2023 18:04:07: 	Employee is not recognized with this email
level : error: Aug-02-2023 18:04:07: 	Employee is not recognized with this email
level : error: Aug-02-2023 18:08:07: 	data and hash arguments required
level : error: Aug-02-2023 18:08:07: 	data and hash arguments required
level : error: Aug-02-2023 18:08:35: 	Employee already exists with this email, please log in
level : error: Aug-02-2023 18:08:35: 	Employee already exists with this email, please log in
level : info: Aug-02-2023 18:09:48: 	Employee's account created
level : error: Aug-02-2023 18:49:44: 	empData is not defined
level : error: Aug-02-2023 18:49:44: 	empData is not defined
level : error: Aug-02-2023 18:57:52: 	isEmpExits is not defined
level : error: Aug-02-2023 18:57:52: 	isEmpExits is not defined
level : error: Aug-02-2023 18:58:28: 	jwt is not defined
level : error: Aug-02-2023 18:58:28: 	jwt is not defined
level : info: Aug-02-2023 18:58:53: 	Employee logged in successfully
level : error: Aug-02-2023 23:11:30: 	Employee already exists with this email, please log in
level : error: Aug-02-2023 23:11:30: 	Employee already exists with this email, please log in
level : info: Aug-02-2023 23:11:40: 	Employee's account created
level : info: Aug-02-2023 23:19:05: 	Employee's account created
level : info: Aug-02-2023 23:20:31: 	Email sent successfully
level : info: Aug-03-2023 09:10:34: 	Email sent successfully
level : info: Aug-03-2023 09:23:57: 	Password updated successfully
level : info: Aug-03-2023 16:48:37: 	Email sent successfully
level : info: Aug-03-2023 16:53:13: 	Employee logged in successfully
level : info: Aug-03-2023 18:55:53: 	Email sent successfully
level : info: Aug-03-2023 18:56:41: 	Email sent successfully
